<?xml version="1.0" encoding="UTF-8"?>
<!-- Generated by org.testng.reporters.JUnitXMLReporter -->
<testsuite ignored="4" hostname="LAPTOP-MATHCUTA" failures="0" tests="1" name="Default test(failed)" time="11.353" errors="0" timestamp="2023-06-05T19:28:33 GMT-04:00">
  <testcase classname="MavenProject.SeleniumTestNGProject.TC02_BaiscSeleniumInteractionsExtentReport" name="linkTextCountER" time="5.199"/>
  <testcase classname="MavenProject.SeleniumTestNGProject.TC02_BaiscSeleniumInteractionsExtentReport" name="dropDownAndRadioER" time="0.0">
    <ignored/>
  </testcase> <!-- dropDownAndRadioER -->
  <testcase classname="MavenProject.SeleniumTestNGProject.TC02_BaiscSeleniumInteractionsExtentReport" name="CalendarOneER" time="0.0">
    <ignored/>
  </testcase> <!-- CalendarOneER -->
  <testcase classname="MavenProject.SeleniumTestNGProject.TC02_BaiscSeleniumInteractionsExtentReport" name="TInputER" time="0.0">
    <ignored/>
  </testcase> <!-- TInputER -->
  <testcase classname="MavenProject.SeleniumTestNGProject.TC02_BaiscSeleniumInteractionsExtentReport" name="passExtentReportER" time="0.0">
    <ignored/>
  </testcase> <!-- passExtentReportER -->
</testsuite> <!-- Default test(failed) -->
