<?xml version="1.0" encoding="UTF-8"?>
<!-- Generated by org.testng.reporters.JUnitXMLReporter -->
<testsuite ignored="0" hostname="LAPTOP-MATHCUTA" failures="0" tests="5" name="Default test" time="9.934" errors="0" timestamp="2023-06-05T19:12:12 GMT-04:00">
  <testcase classname="MavenProject.SeleniumTestNGProject.TC01_BaiscSeleniumInteractions" name="TInput" time="0.486"/>
  <testcase classname="MavenProject.SeleniumTestNGProject.TC01_BaiscSeleniumInteractions" name="linkTextCount" time="2.474"/>
  <testcase classname="MavenProject.SeleniumTestNGProject.TC01_BaiscSeleniumInteractions" name="dropDownAndRadio" time="0.586"/>
  <testcase classname="MavenProject.SeleniumTestNGProject.TC01_BaiscSeleniumInteractions" name="finalExtentReport" time="0.002"/>
  <testcase classname="MavenProject.SeleniumTestNGProject.TC01_BaiscSeleniumInteractions" name="passExtentReport" time="0.001"/>
</testsuite> <!-- Default test -->
