<?xml version="1.0" encoding="UTF-8"?>
<!-- Generated by org.testng.reporters.JUnitXMLReporter -->
<testsuite ignored="0" hostname="LAPTOP-MATHCUTA" failures="0" tests="15" name="parallel test" time="28.367" errors="0" timestamp="2023-06-05T18:57:19 GMT-04:00">
  <testcase classname="MavenProject.SeleniumTestNGProject.TC03_BaiscSeleniumInteractionsExtentReportlog4J" name="TInputER" time="2.915"/>
  <testcase classname="MavenProject.SeleniumTestNGProject.TC02_BaiscSeleniumInteractionsExtentReport" name="TInputER" time="4.491"/>
  <testcase classname="MavenProject.SeleniumTestNGProject.TC01_BaiscSeleniumInteractions" name="TInput" time="0.587"/>
  <testcase classname="MavenProject.SeleniumTestNGProject.TC03_BaiscSeleniumInteractionsExtentReportlog4J" name="linkTextCountER" time="5.777"/>
  <testcase classname="MavenProject.SeleniumTestNGProject.TC03_BaiscSeleniumInteractionsExtentReportlog4J" name="dropDownAndRadioER" time="1.322"/>
  <testcase classname="MavenProject.SeleniumTestNGProject.TC01_BaiscSeleniumInteractions" name="linkTextCount" time="2.979"/>
  <testcase classname="MavenProject.SeleniumTestNGProject.TC02_BaiscSeleniumInteractionsExtentReport" name="linkTextCountER" time="6.189"/>
  <testcase classname="MavenProject.SeleniumTestNGProject.TC01_BaiscSeleniumInteractions" name="dropDownAndRadio" time="1.012"/>
  <testcase classname="MavenProject.SeleniumTestNGProject.TC01_BaiscSeleniumInteractions" name="finalExtentReport" time="0.003"/>
  <testcase classname="MavenProject.SeleniumTestNGProject.TC01_BaiscSeleniumInteractions" name="passExtentReport" time="0.002"/>
  <testcase classname="MavenProject.SeleniumTestNGProject.TC02_BaiscSeleniumInteractionsExtentReport" name="dropDownAndRadioER" time="1.646"/>
  <testcase classname="MavenProject.SeleniumTestNGProject.TC03_BaiscSeleniumInteractionsExtentReportlog4J" name="CalendarOneER" time="4.482"/>
  <testcase classname="MavenProject.SeleniumTestNGProject.TC03_BaiscSeleniumInteractionsExtentReportlog4J" name="passExtentReportER" time="0.059"/>
  <testcase classname="MavenProject.SeleniumTestNGProject.TC02_BaiscSeleniumInteractionsExtentReport" name="CalendarOneER" time="4.359"/>
  <testcase classname="MavenProject.SeleniumTestNGProject.TC02_BaiscSeleniumInteractionsExtentReport" name="passExtentReportER" time="0.052"/>
</testsuite> <!-- parallel test -->
