<?xml version="1.0" encoding="UTF-8"?>
<!-- Generated by org.testng.reporters.JUnitXMLReporter -->
<testsuite ignored="0" hostname="LAPTOP-MATHCUTA" failures="0" tests="5" name="Test01" time="13.316" errors="0" timestamp="2023-06-05T19:14:39 GMT-04:00">
  <testcase classname="MavenProject.SeleniumTestNGProject.TC01_BaiscSeleniumInteractions" name="TInput" time="0.566"/>
  <testcase classname="MavenProject.SeleniumTestNGProject.TC01_BaiscSeleniumInteractions" name="linkTextCount" time="2.354"/>
  <testcase classname="MavenProject.SeleniumTestNGProject.TC01_BaiscSeleniumInteractions" name="dropDownAndRadio" time="0.583"/>
  <testcase classname="MavenProject.SeleniumTestNGProject.TC01_BaiscSeleniumInteractions" name="finalExtentReport" time="0.002"/>
  <testcase classname="MavenProject.SeleniumTestNGProject.TC01_BaiscSeleniumInteractions" name="passExtentReport" time="0.004"/>
</testsuite> <!-- Test01 -->
