<?xml version="1.0" encoding="UTF-8"?>
<!-- Generated by org.testng.reporters.JUnitXMLReporter -->
<testsuite ignored="0" hostname="LAPTOP-MATHCUTA" failures="0" tests="10" name="Test02" time="29.527" errors="0" timestamp="2023-06-05T19:14:55 GMT-04:00">
  <testcase classname="MavenProject.SeleniumTestNGProject.TC03_BaiscSeleniumInteractionsExtentReportlog4J" name="TInputER" time="2.605"/>
  <testcase classname="MavenProject.SeleniumTestNGProject.TC02_BaiscSeleniumInteractionsExtentReport" name="TInputER" time="3.107"/>
  <testcase classname="MavenProject.SeleniumTestNGProject.TC03_BaiscSeleniumInteractionsExtentReportlog4J" name="linkTextCountER" time="4.665"/>
  <testcase classname="MavenProject.SeleniumTestNGProject.TC03_BaiscSeleniumInteractionsExtentReportlog4J" name="dropDownAndRadioER" time="1.095"/>
  <testcase classname="MavenProject.SeleniumTestNGProject.TC02_BaiscSeleniumInteractionsExtentReport" name="linkTextCountER" time="5.336"/>
  <testcase classname="MavenProject.SeleniumTestNGProject.TC02_BaiscSeleniumInteractionsExtentReport" name="dropDownAndRadioER" time="1.055"/>
  <testcase classname="MavenProject.SeleniumTestNGProject.TC03_BaiscSeleniumInteractionsExtentReportlog4J" name="CalendarOneER" time="4.624"/>
  <testcase classname="MavenProject.SeleniumTestNGProject.TC03_BaiscSeleniumInteractionsExtentReportlog4J" name="passExtentReportER" time="0.069"/>
  <testcase classname="MavenProject.SeleniumTestNGProject.TC02_BaiscSeleniumInteractionsExtentReport" name="CalendarOneER" time="4.55"/>
  <testcase classname="MavenProject.SeleniumTestNGProject.TC02_BaiscSeleniumInteractionsExtentReport" name="passExtentReportER" time="0.067"/>
</testsuite> <!-- Test02 -->
