<?xml version="1.0" encoding="UTF-8"?>
<!-- Generated by org.testng.reporters.JUnitXMLReporter -->
<testsuite ignored="0" hostname="LAPTOP-MATHCUTA" failures="0" tests="15" name="Test" time="55.511" errors="0" timestamp="2023-06-05T18:48:14 GMT-04:00">
  <testcase classname="MavenProject.SeleniumTestNGProject.TC02_BaiscSeleniumInteractionsExtentReport" name="TInputER" time="3.173"/>
  <testcase classname="MavenProject.SeleniumTestNGProject.TC02_BaiscSeleniumInteractionsExtentReport" name="linkTextCountER" time="5.225"/>
  <testcase classname="MavenProject.SeleniumTestNGProject.TC02_BaiscSeleniumInteractionsExtentReport" name="dropDownAndRadioER" time="1.267"/>
  <testcase classname="MavenProject.SeleniumTestNGProject.TC02_BaiscSeleniumInteractionsExtentReport" name="CalendarOneER" time="4.173"/>
  <testcase classname="MavenProject.SeleniumTestNGProject.TC02_BaiscSeleniumInteractionsExtentReport" name="passExtentReportER" time="0.06"/>
  <testcase classname="MavenProject.SeleniumTestNGProject.TC03_BaiscSeleniumInteractionsExtentReportlog4J" name="TInputER" time="2.595"/>
  <testcase classname="MavenProject.SeleniumTestNGProject.TC03_BaiscSeleniumInteractionsExtentReportlog4J" name="linkTextCountER" time="4.739"/>
  <testcase classname="MavenProject.SeleniumTestNGProject.TC03_BaiscSeleniumInteractionsExtentReportlog4J" name="dropDownAndRadioER" time="1.574"/>
  <testcase classname="MavenProject.SeleniumTestNGProject.TC03_BaiscSeleniumInteractionsExtentReportlog4J" name="CalendarOneER" time="3.98"/>
  <testcase classname="MavenProject.SeleniumTestNGProject.TC03_BaiscSeleniumInteractionsExtentReportlog4J" name="passExtentReportER" time="0.054"/>
  <testcase classname="MavenProject.SeleniumTestNGProject.TC01_BaiscSeleniumInteractions" name="TInput" time="0.407"/>
  <testcase classname="MavenProject.SeleniumTestNGProject.TC01_BaiscSeleniumInteractions" name="linkTextCount" time="4.665"/>
  <testcase classname="MavenProject.SeleniumTestNGProject.TC01_BaiscSeleniumInteractions" name="dropDownAndRadio" time="0.617"/>
  <testcase classname="MavenProject.SeleniumTestNGProject.TC01_BaiscSeleniumInteractions" name="finalExtentReport" time="0.004"/>
  <testcase classname="MavenProject.SeleniumTestNGProject.TC01_BaiscSeleniumInteractions" name="passExtentReport" time="0.004"/>
</testsuite> <!-- Test -->
