<?xml version="1.0" encoding="UTF-8"?>
<testng-results ignored="4" total="5" passed="1" failed="0" skipped="0">
  <reporter-output>
  </reporter-output>
  <suite started-at="2023-06-05T19:28:21 GMT-04:00" name="Failed suite [Default suite]" finished-at="2023-06-05T19:28:33 GMT-04:00" duration-ms="11353">
    <groups>
    </groups>
    <test started-at="2023-06-05T19:28:21 GMT-04:00" name="Default test(failed)" finished-at="2023-06-05T19:28:33 GMT-04:00" duration-ms="11353">
      <class name="MavenProject.SeleniumTestNGProject.TC02_BaiscSeleniumInteractionsExtentReport">
        <test-method is-config="true" signature="btestER()[pri:0, instance:MavenProject.SeleniumTestNGProject.TC02_BaiscSeleniumInteractionsExtentReport@245b4bdc]" started-at="2023-06-05T19:28:21 GMT-04:00" name="btestER" finished-at="2023-06-05T19:28:27 GMT-04:00" duration-ms="5389" status="PASS">
          <reporter-output>
          </reporter-output>
        </test-method> <!-- btestER -->
        <test-method signature="linkTextCountER()[pri:1, instance:MavenProject.SeleniumTestNGProject.TC02_BaiscSeleniumInteractionsExtentReport@245b4bdc]" started-at="2023-06-05T19:28:27 GMT-04:00" name="linkTextCountER" finished-at="2023-06-05T19:28:32 GMT-04:00" duration-ms="5199" status="PASS">
          <reporter-output>
          </reporter-output>
        </test-method> <!-- linkTextCountER -->
        <test-method is-config="true" signature="aTestER()[pri:0, instance:MavenProject.SeleniumTestNGProject.TC02_BaiscSeleniumInteractionsExtentReport@245b4bdc]" started-at="2023-06-05T19:28:32 GMT-04:00" name="aTestER" finished-at="2023-06-05T19:28:33 GMT-04:00" duration-ms="718" status="PASS">
          <reporter-output>
          </reporter-output>
        </test-method> <!-- aTestER -->
      </class> <!-- MavenProject.SeleniumTestNGProject.TC02_BaiscSeleniumInteractionsExtentReport -->
    </test> <!-- Default test(failed) -->
  </suite> <!-- Failed suite [Default suite] -->
</testng-results>
